[debug] [2020-08-24T12:41:21.827Z] ----------------------------------------------------------------------
[debug] [2020-08-24T12:41:21.832Z] Command:       C:\Program Files\nodejs\node.exe C:\Users\jagadeer\AppData\Roaming\npm\node_modules\firebase-tools\lib\bin\firebase.js deploy
[debug] [2020-08-24T12:41:21.833Z] CLI Version:   8.7.0
[debug] [2020-08-24T12:41:21.833Z] Platform:      win32
[debug] [2020-08-24T12:41:21.834Z] Node Version:  v14.4.0
[debug] [2020-08-24T12:41:21.836Z] Time:          Mon Aug 24 2020 18:11:21 GMT+0530 (India Standard Time)
[debug] [2020-08-24T12:41:21.837Z] ----------------------------------------------------------------------
[debug] [2020-08-24T12:41:21.837Z] 
[debug] [2020-08-24T12:41:21.859Z] > command requires scopes: ["email","openid","https://www.googleapis.com/auth/cloudplatformprojects.readonly","https://www.googleapis.com/auth/firebase","https://www.googleapis.com/auth/cloud-platform"]
[debug] [2020-08-24T12:41:21.860Z] > authorizing via signed-in user
[debug] [2020-08-24T12:41:21.861Z] [iam] checking project mjredy-hash-web for permissions ["firebase.projects.get","firebasehosting.sites.update"]
[debug] [2020-08-24T12:41:21.867Z] > refreshing access token with scopes: ["email","https://www.googleapis.com/auth/cloud-platform","https://www.googleapis.com/auth/cloudplatformprojects.readonly","https://www.googleapis.com/auth/firebase","openid"]
[debug] [2020-08-24T12:41:21.867Z] >>> HTTP REQUEST POST https://www.googleapis.com/oauth2/v3/token  
 <request body omitted>
[debug] [2020-08-24T12:41:22.534Z] <<< HTTP RESPONSE 200 {"content-type":"application/json; charset=utf-8","vary":"X-Origin, Referer, Origin,Accept-Encoding","date":"Mon, 24 Aug 2020 12:41:22 GMT","server":"scaffolding on HTTPServer2","cache-control":"private","x-xss-protection":"0","x-frame-options":"SAMEORIGIN","x-content-type-options":"nosniff","alt-svc":"h3-29=\":443\"; ma=2592000,h3-27=\":443\"; ma=2592000,h3-T051=\":443\"; ma=2592000,h3-T050=\":443\"; ma=2592000,h3-Q050=\":443\"; ma=2592000,h3-Q046=\":443\"; ma=2592000,h3-Q043=\":443\"; ma=2592000,quic=\":443\"; ma=2592000; v=\"46,43\"","accept-ranges":"none","transfer-encoding":"chunked"}
[debug] [2020-08-24T12:41:22.555Z] >>> HTTP REQUEST POST https://cloudresourcemanager.googleapis.com/v1/projects/mjredy-hash-web:testIamPermissions  
 {"permissions":["firebase.projects.get","firebasehosting.sites.update"]}
[debug] [2020-08-24T12:41:24.210Z] <<< HTTP RESPONSE 200 {"content-type":"application/json; charset=UTF-8","vary":"X-Origin, Referer, Origin,Accept-Encoding","date":"Mon, 24 Aug 2020 12:41:24 GMT","server":"ESF","cache-control":"private","x-xss-protection":"0","x-frame-options":"SAMEORIGIN","x-content-type-options":"nosniff","server-timing":"gfet4t7; dur=1187","alt-svc":"h3-29=\":443\"; ma=2592000,h3-27=\":443\"; ma=2592000,h3-T050=\":443\"; ma=2592000,h3-Q050=\":443\"; ma=2592000,h3-Q046=\":443\"; ma=2592000,h3-Q043=\":443\"; ma=2592000,quic=\":443\"; ma=2592000; v=\"46,43\"","accept-ranges":"none","transfer-encoding":"chunked"}
[debug] [2020-08-24T12:41:24.213Z] >>> HTTP REQUEST GET https://firebase.googleapis.com/v1beta1/projects/mjredy-hash-web  
 
[debug] [2020-08-24T12:41:25.070Z] <<< HTTP RESPONSE 200 {"content-type":"application/json; charset=UTF-8","vary":"X-Origin, Referer, Origin,Accept-Encoding","date":"Mon, 24 Aug 2020 12:41:24 GMT","server":"ESF","cache-control":"private","x-xss-protection":"0","x-frame-options":"SAMEORIGIN","x-content-type-options":"nosniff","alt-svc":"h3-29=\":443\"; ma=2592000,h3-27=\":443\"; ma=2592000,h3-T050=\":443\"; ma=2592000,h3-Q050=\":443\"; ma=2592000,h3-Q046=\":443\"; ma=2592000,h3-Q043=\":443\"; ma=2592000,quic=\":443\"; ma=2592000; v=\"46,43\"","accept-ranges":"none","transfer-encoding":"chunked"}
[info] 
[info] === Deploying to 'mjredy-hash-web'...
[info] 
[info] i  deploying hosting 
[debug] [2020-08-24T12:41:25.085Z] >>> HTTP REQUEST POST https://firebasehosting.googleapis.com/v1beta1/sites/mjredy-hash-web/versions  
 {"config":{"rewrites":[{"glob":"**","path":"/index.html"}]},"labels":{"deployment-tool":"cli-firebase"}}
[debug] [2020-08-24T12:41:46.271Z] Error: connect ETIMEDOUT 216.58.200.138:443
    at TCPConnectWrap.afterConnect [as oncomplete] (net.js:1141:16)
[error] 
[error] Error: Server Error. connect ETIMEDOUT 216.58.200.138:443
[debug] [2020-08-24T12:41:54.171Z] ----------------------------------------------------------------------
[debug] [2020-08-24T12:41:54.173Z] Command:       C:\Program Files\nodejs\node.exe C:\Users\jagadeer\AppData\Roaming\npm\node_modules\firebase-tools\lib\bin\firebase.js deploy
[debug] [2020-08-24T12:41:54.174Z] CLI Version:   8.7.0
[debug] [2020-08-24T12:41:54.174Z] Platform:      win32
[debug] [2020-08-24T12:41:54.174Z] Node Version:  v14.4.0
[debug] [2020-08-24T12:41:54.175Z] Time:          Mon Aug 24 2020 18:11:54 GMT+0530 (India Standard Time)
[debug] [2020-08-24T12:41:54.175Z] ----------------------------------------------------------------------
[debug] [2020-08-24T12:41:54.175Z] 
[debug] [2020-08-24T12:41:54.184Z] > command requires scopes: ["email","openid","https://www.googleapis.com/auth/cloudplatformprojects.readonly","https://www.googleapis.com/auth/firebase","https://www.googleapis.com/auth/cloud-platform"]
[debug] [2020-08-24T12:41:54.185Z] > authorizing via signed-in user
[debug] [2020-08-24T12:41:54.185Z] [iam] checking project mjredy-hash-web for permissions ["firebase.projects.get","firebasehosting.sites.update"]
[debug] [2020-08-24T12:41:54.188Z] >>> HTTP REQUEST POST https://cloudresourcemanager.googleapis.com/v1/projects/mjredy-hash-web:testIamPermissions  
 {"permissions":["firebase.projects.get","firebasehosting.sites.update"]}
[debug] [2020-08-24T12:41:56.077Z] <<< HTTP RESPONSE 200 {"content-type":"application/json; charset=UTF-8","vary":"X-Origin, Referer, Origin,Accept-Encoding","date":"Mon, 24 Aug 2020 12:41:55 GMT","server":"ESF","cache-control":"private","x-xss-protection":"0","x-frame-options":"SAMEORIGIN","x-content-type-options":"nosniff","server-timing":"gfet4t7; dur=1154","alt-svc":"h3-29=\":443\"; ma=2592000,h3-27=\":443\"; ma=2592000,h3-T050=\":443\"; ma=2592000,h3-Q050=\":443\"; ma=2592000,h3-Q046=\":443\"; ma=2592000,h3-Q043=\":443\"; ma=2592000,quic=\":443\"; ma=2592000; v=\"46,43\"","accept-ranges":"none","transfer-encoding":"chunked"}
[debug] [2020-08-24T12:41:56.083Z] >>> HTTP REQUEST GET https://firebase.googleapis.com/v1beta1/projects/mjredy-hash-web  
 
[debug] [2020-08-24T12:41:56.774Z] <<< HTTP RESPONSE 200 {"content-type":"application/json; charset=UTF-8","vary":"X-Origin, Referer, Origin,Accept-Encoding","date":"Mon, 24 Aug 2020 12:41:56 GMT","server":"ESF","cache-control":"private","x-xss-protection":"0","x-frame-options":"SAMEORIGIN","x-content-type-options":"nosniff","alt-svc":"h3-29=\":443\"; ma=2592000,h3-27=\":443\"; ma=2592000,h3-T050=\":443\"; ma=2592000,h3-Q050=\":443\"; ma=2592000,h3-Q046=\":443\"; ma=2592000,h3-Q043=\":443\"; ma=2592000,quic=\":443\"; ma=2592000; v=\"46,43\"","accept-ranges":"none","transfer-encoding":"chunked"}
[info] 
[info] === Deploying to 'mjredy-hash-web'...
[info] 
[info] i  deploying hosting 
[debug] [2020-08-24T12:41:56.822Z] >>> HTTP REQUEST POST https://firebasehosting.googleapis.com/v1beta1/sites/mjredy-hash-web/versions  
 {"config":{"rewrites":[{"glob":"**","path":"/index.html"}]},"labels":{"deployment-tool":"cli-firebase"}}
[debug] [2020-08-24T12:42:17.837Z] Error: connect ETIMEDOUT 216.58.200.138:443
    at TCPConnectWrap.afterConnect [as oncomplete] (net.js:1141:16)
[error] 
[error] Error: Server Error. connect ETIMEDOUT 216.58.200.138:443
